d:\ugit\ahd2-learnopengl\bin\intermediates\x64\debug\vc143.pdb
d:\ugit\ahd2-learnopengl\bin\intermediates\x64\debug\vc143.idb
d:\ugit\ahd2-learnopengl\bin\intermediates\x64\debug\vertexbuffer.obj
d:\ugit\ahd2-learnopengl\bin\intermediates\x64\debug\vertexarray.obj
d:\ugit\ahd2-learnopengl\bin\intermediates\x64\debug\renderer.obj
d:\ugit\ahd2-learnopengl\bin\intermediates\x64\debug\main.obj
d:\ugit\ahd2-learnopengl\bin\intermediates\x64\debug\indexbuffer.obj
d:\ugit\ahd2-learnopengl\bin\x64\debug\ahd2-learnopengl.exe
d:\ugit\ahd2-learnopengl\bin\x64\debug\ahd2-learnopengl.pdb
d:\ugit\ahd2-learnopengl\bin\intermediates\x64\debug\ahd2-learnopengl.ilk
d:\ugit\ahd2-learnopengl\bin\intermediates\x64\debug\shader.obj
d:\ugit\ahd2-learnopengl\bin\intermediates\x64\debug\vertexbufferlayout.obj
d:\ugit\ahd2-learnopengl\bin\intermediates\x64\debug\ahd2-learnopengl.vcxproj.filelistabsolute.txt
d:\ugit\ahd2-learnopengl\bin\intermediates\x64\debug\ahd2-learnopengl.tlog\cl.command.1.tlog
d:\ugit\ahd2-learnopengl\bin\intermediates\x64\debug\ahd2-learnopengl.tlog\cl.items.tlog
d:\ugit\ahd2-learnopengl\bin\intermediates\x64\debug\ahd2-learnopengl.tlog\cl.read.1.tlog
d:\ugit\ahd2-learnopengl\bin\intermediates\x64\debug\ahd2-learnopengl.tlog\cl.write.1.tlog
d:\ugit\ahd2-learnopengl\bin\intermediates\x64\debug\ahd2-learnopengl.tlog\link.command.1.tlog
d:\ugit\ahd2-learnopengl\bin\intermediates\x64\debug\ahd2-learnopengl.tlog\link.read.1.tlog
d:\ugit\ahd2-learnopengl\bin\intermediates\x64\debug\ahd2-learnopengl.tlog\link.secondary.1.tlog
d:\ugit\ahd2-learnopengl\bin\intermediates\x64\debug\ahd2-learnopengl.tlog\link.write.1.tlog
